         w __deregister_frame_info
         w __register_frame_info
         w userAppExit
         w userAppInit
00000000 00000802 B __ctru_dev_utf16_buf
00000000 a shift
00000000 a shift
00000000 A __sync_synchronize
00000000 b _TLS_MODULE_BASE_
00000804 00000401 B __ctru_dev_path_buf
00100000 A __start__
00100000 T _start
00100008 T __service_ptr
0010000c T __apt_appid
00100010 T __heap_size
00100014 T __linear_heap_size
00100018 T __system_arglist
0010001c T __system_runflags
00100020 t startup
00100058 t ClearMem
0010006c t ClrLoop
00100094 T _init
001000ac T __aeabi_uidiv
001000ac 000001ec T __udivsi3
001000ac t .udivsi3_skip_div0_test
00100298 00000020 T __aeabi_uidivmod
001002b8 T __aeabi_idiv
001002b8 00000220 T __divsi3
001002c0 t .divsi3_skip_div0_test
001004d8 00000020 T __aeabi_idivmod
001004f8 00000004 W __aeabi_idiv0
001004f8 00000004 W __aeabi_ldiv0
001004fc T __aeabi_uldivmod
00100548 00000390 T strcmp
001008d0 t __do_global_dtors_aux
00100920 t frame_dummy
0010094c 000000f0 t ServerChangeCallback
00100a3c 00000038 T initSocket
00100a74 00000430 T main
00100ea4 00000454 t consoleHandleColorEsc
001012f8 000000d0 t consoleColorStateShift
001013c8 000001f8 T consoleDrawChar
001015c0 00000160 T consolePrintChar
00101720 00000640 T con_write
00101d60 0000010c t newRow
00101e6c 0000018c T consoleInit
00101ff8 000000cc t gfxPresentFramebuffer
001020c4 0000001c T gfxIsWide
001020e0 000000f8 T gfxSetScreenFormat
001021d8 00000010 T gfxSetDoubleBuffering
001021e8 000000d8 T gfxInit
001022c0 00000010 T gfxInitDefault
001022d0 000000b8 T gfxExit
00102388 000000a0 T gfxGetFramebuffer
00102428 00000100 T gfxFlushBuffers
00102528 00000050 T gfxSwapBuffers
00102578 00000050 T gfxSwapBuffersGpu
001025c8 00000180 t aptConvertScreenForCapture
00102748 00000008 W aptDspSleep
00102750 00000004 W aptDspWakeup
00102754 00000004 W aptDspCancel
00102758 00000138 T aptSendCommand
00102890 00000044 t aptExitProcess
001028d4 00000394 T aptExit
00102c68 000000d8 T aptHandleSleep
00102d40 0000001c T aptSetMessageCallback
00102d5c 00000084 T APT_SleepIfShellClosed
00102de0 00000078 T aptSetSleepAllowed
00102e58 00000084 T APT_UnlockTransition
00102ee0 00000470 t aptEventHandler
00103350 000000bc T APT_ReceiveParameter
0010340c 000000b0 t aptReceiveParameter.constprop.0
001034c0 00000294 t aptScreenTransfer
00103754 000002d0 t aptWaitForWakeUp.isra.0
00103a24 00000114 T aptLaunchLibraryApplet
00103b38 000000f4 T aptJumpToHomeMenu
00103c2c 00000058 T aptMainLoop
00103c84 00000240 T aptInit
00103ec4 0000005c T APT_SendParameter
00103f20 00000090 T APT_CheckNew3DS
00103fb0 000001fc T csndInit
001041ac 000000bc T csndExit
00104268 00000c70 t gspHardwareInit
00104ed8 00000280 T gspInit
00105158 00000110 T gspExit
00105268 00000010 T gspHasGpuRight
00105278 000000a4 T gspPresentBuffer
0010531c 00000050 T gspWaitForEvent
0010536c 00000004 W gxCmdQueueInterrupt
00105370 00000154 t gspEventThreadMain
001054c4 00000050 T GSPGPU_FlushDataCache
00105514 00000034 T GSPGPU_SetLcdForceBlack
00105548 00000080 T GSPGPU_AcquireRight
001055c8 0000005c T GSPGPU_ReleaseRight
00105624 0000007c T GSPGPU_ImportDisplayCaptureInfo
001056a0 0000002c T GSPGPU_SaveVramSysArea
001056cc 0000002c T GSPGPU_RestoreVramSysArea
001056f8 00000024 W hidShouldUseIrrst
0010571c 000001cc T hidInit
001058e8 000000e8 T hidExit
001059d0 000002a0 T hidScanInput
00105c70 00000010 T hidKeysHeld
00105c80 00000010 T hidKeysDown
00105c90 00000010 T hidKeysUp
00105ca0 000001a4 T irrstInit
00105e44 000000dc T irrstExit
00105f20 000000b4 T irrstScanInput
00105fd4 00000024 T irrstKeysHeld
00105ff8 00000104 T micExit
001060fc 00000138 T micInit
00106234 00000014 T micGetSampleDataSize
00106248 00000028 T micGetLastSampleOffset
00106270 00000048 T MICU_StartSampling
001062b8 0000002c T MICU_StopSampling
001062e4 00000024 T inet_addr
00106308 000001a8 T inet_aton
001064b0 00000014 t soc_open
001064c4 00000034 t soc_read
001064f8 00000034 t soc_write
0010652c 000000b0 t soc_close
001065dc 00000190 T socInit
0010676c 00000088 T socExit
001067f4 00000148 T socuipc_cmd7
0010693c 00000168 T socuipc_cmd8
00106aa4 00000010 T soc_recvfrom
00106ab4 0000015c T socuipc_cmd9
00106c10 00000160 T socuipc_cmda
00106d70 00000010 T soc_sendto
00106d80 000000a4 T sendto
00106e24 0000016c T socket
00106f90 00000190 t swkbdMessageCallback
00107120 00000084 T swkbdInit
001071a4 00000040 T swkbdSetFeatures
001071e4 00000064 T swkbdSetHintText
00107248 00000088 T swkbdSetButton
001072d0 00000008 T swkbdSetInitialText
001072d8 00000030 T swkbdSetStatusData
00107308 00000030 T swkbdSetLearningData
00107338 00000014 T swkbdSetFilterCallback
0010734c 000003a8 T swkbdInputText
001076f4 000000e8 T utf16_to_utf8
001077dc 000000c0 T utf8_to_utf16
0010789c 00000038 W __libctru_init
001078d4 0000016c W __system_initArgv
00107a40 00000030 T __syscall_getreent
00107a70 00000004 T __syscall_lock_acquire
00107a74 00000004 T __syscall_lock_release
00107a78 00000004 T __syscall_lock_acquire_recursive
00107a7c 00000004 T __syscall_lock_release_recursive
00107a80 00000004 T __syscall_exit
00107a84 00000054 T initThreadVars
00107ad8 00000080 T __system_initSyscalls
00107b58 T svcControlMemory
00107b78 T svcQueryMemory
00107ba8 T svcExitProcess
00107bb0 T svcCreateThread
00107bd0 T svcExitThread
00107bd8 T svcSleepThread
00107be0 T svcReleaseMutex
00107be8 T svcCreateEvent
00107bfc T svcSignalEvent
00107c04 T svcClearEvent
00107c0c T svcCreateMemoryBlock
00107c24 T svcMapMemoryBlock
00107c2c T svcUnmapMemoryBlock
00107c34 T svcCreateAddressArbiter
00107c48 T svcArbitrateAddressNoTimeout
00107c50 T svcCloseHandle
00107c58 T svcWaitSynchronization
00107c60 T svcWaitSynchronizationN
00107c88 T svcDuplicateHandle
00107c9c T svcConnectToPort
00107cb0 T svcSendSyncRequest
00107cb8 T svcGetResourceLimit
00107ccc T svcGetResourceLimitLimitValues
00107cd4 T svcGetResourceLimitCurrentValues
00107cdc T svcBreak
00107ce4 W initSystem
00107d34 W __ctru_exit
00107d48 00000024 t addrMapNodeComparator(rbtree_node const*, rbtree_node const*)
00107d6c 00000004 t addrMapNodeDestructor(rbtree_node*)
00107d70 0000012c T linearMemAlign
00107e9c 00000008 T linearAlloc
00107ea4 0000005c T linearFree
00107f00 00000088 T MemPool::CoalesceRight(MemBlock*)
00107f88 00000178 T MemPool::Allocate(MemChunk&, unsigned long, int)
00108100 00000118 T MemPool::Deallocate(MemChunk const&)
00108218 00000030 T MemPool::GetFreeSpace()
00108248 00000024 t addrMapNodeComparator(rbtree_node const*, rbtree_node const*)
0010826c 00000004 t addrMapNodeDestructor(rbtree_node*)
00108270 00000248 T vramMemAlignAt
001084b8 0000000c T vramAlloc
001084c4 00000094 T vramFree
00108558 0000008c W envGetHandle
001085e4 00000050 W envDestroyHandles
00108634 00000034 T __ctru_speedup_config
00108668 00000164 T srvInit
001087cc 00000064 T srvExit
00108830 00000060 T srvEnableNotification
00108890 000000a0 T srvGetServiceHandleDirect
00108930 00000048 T srvGetServiceHandle
00108978 00000034 T srvSubscribe
001089ac 00000060 T srvReceiveNotification
00108a0c 00000038 T srvPublishToSubscriber
00108a44 0000000c T __sync_init
00108a50 00000018 T __sync_fini
00108a68 00000028 T syncArbitrateAddress
00108a90 000000ac T LightLock_Lock
00108b3c 00000040 T LightLock_Unlock
00108b7c 00000054 T RecursiveLock_Lock
00108bd0 00000054 T RecursiveLock_Unlock
00108c24 00000044 T LightEvent_Init
00108c68 000000b8 T LightEvent_Clear
00108d20 000000dc T LightEvent_Signal
00108dfc 00000050 T LightEvent_TryWait
00108e4c 000000ac T LightEvent_Wait
00108ef8 000001fc T threadCreate
001090f4 00000038 T threadFree
0010912c 00000024 T threadJoin
00109150 00000030 T threadGetCurrent
00109180 00000040 T threadExit
001091c0 00000020 t _thread_begin
001091e0 00000090 t mappableFindAddressWithin
00109270 00000028 T mappableInit
00109298 0000007c T mappableAlloc
00109314 00000004 T mappableFree
00109318 00000078 T ptmSysmInit
00109390 0000003c T ptmSysmExit
001093cc 00000034 T PTMSYSM_ConfigureNew3DSCPU
00109400 0000000c T srvPmGetSessionHandle
0010940c 0000003c T _net_convert_error
00109448 00000074 T rbtree_find
001094bc 00000010 T rbtree_init
001094cc 00000198 t do_insert
00109664 00000008 T rbtree_insert
0010966c 00000310 T rbtree_remove
0010997c 00000090 T rbtree_rotate
00109a0c 00000054 T decode_utf16
00109a60 00000140 T decode_utf8
00109ba0 00000054 T encode_utf16
00109bf4 000000e0 T encode_utf8
00109cd8 000001e8 W __system_allocateHeaps
00109ec0 00000030 W __appExit
00109ef0 00000030 W __appInit
00109f20 00000090 W __libctru_exit
00109fb0 00000014 t archive_link
00109fc4 00000014 t archive_dirreset
00109fd8 00000014 t archive_chmod
00109fec 00000024 t error_cmp
0010a010 00000050 t archive_translate_error
0010a060 000000c0 t archive_seek
0010a120 00000078 t _archiveInit.part.0
0010a198 000000d4 t archiveFindDevice.part.0
0010a26c 00000298 t archive_utf16path
0010a504 00000098 t _archiveUnmountDeviceStruct.part.0
0010a59c 00000014 t archive_statvfs
0010a5b0 00000014 t archive_fchmod
0010a5c4 00000178 t _archiveMountDevice
0010a73c 000000f8 t archive_diropen
0010a834 000000ac t archive_fstat
0010a8e0 00000074 t archive_fsync
0010a954 00000074 t archive_close
0010a9c8 00000078 t archive_dirclose
0010aa40 000000ec t sdmc_statvfs
0010ab2c 000000f8 t archive_chdir
0010ac24 0000008c t archive_ftruncate
0010acb0 000000bc t archive_read
0010ad6c 000000a8 t archive_unlink
0010ae14 000000c0 t archive_rmdir
0010aed4 000000d8 t archive_mkdir
0010afac 000001a0 t archive_stat
0010b14c 00000164 t archive_dirnext
0010b2b0 0000013c t archive_write
0010b3f0 00000254 t archive_open
0010b644 00000270 t archive_rename
0010b8b4 000001c8 T archiveMountSdmc
0010ba7c 00000054 T archiveUnmountAll
0010bad0 00000104 T fsInit
0010bbd4 0000003c T fsExit
0010bc10 00000068 T fsExemptFromSession
0010bc78 00000050 T fsUnexemptFromSession
0010bcc8 000000cc T FSUSER_OpenFile
0010bd94 000000b8 T FSUSER_DeleteFile
0010be4c 000000f4 T FSUSER_RenameFile
0010bf40 000000b8 T FSUSER_DeleteDirectory
0010bff8 000000d0 T FSUSER_CreateFile
0010c0c8 000000c0 T FSUSER_CreateDirectory
0010c188 000000f4 T FSUSER_RenameDirectory
0010c27c 000000b4 T FSUSER_OpenDirectory
0010c330 00000090 T FSUSER_OpenArchive
0010c3c0 0000008c T FSUSER_CloseArchive
0010c44c 00000074 T FSUSER_GetSdmcArchiveResource
0010c4c0 00000064 T FSUSER_IsSdmcWritable
0010c524 00000064 T FSFILE_Read
0010c588 0000006c T FSFILE_Write
0010c5f4 00000044 T FSFILE_GetSize
0010c638 00000028 T FSFILE_SetSize
0010c660 0000003c T FSFILE_Close
0010c69c 00000024 T FSFILE_Flush
0010c6c0 00000060 T FSDIR_Read
0010c720 0000003c T FSDIR_Close
0010c75c 00000060 T rbtree_node_next
0010c7bc T __aeabi_read_tp
0010c7c8 00000130 T __udivmoddi4
0010c8f8 000000d8 T strncmp
0010c9d0 0000008c T strlen
0010ca5c 0000001c t stdio_exit_handler
0010ca78 0000005c t cleanup_stdio
0010cad4 00000154 t global_stdio_init.part.0
0010cc28 0000005c T __sinit
0010cc84 0000000c T __sfp_lock_acquire
0010cc90 0000000c T __sfp_lock_release
0010cc9c 000001ec t _strtoul_l.isra.0
0010ce88 0000003c T strtoul
0010cec4 00000084 T __libc_init_array
0010cf48 0000009c T strncat
0010cfe4 00000070 T _fwalk_sglue
0010d054 00000078 T bsearch
0010d0cc 0000000c T __errno
0010d0d8 000000e0 T _puts_r
0010d1b8 00000020 T puts
0010d1d8 00000028 T memalign
0010d200 0000082c T _malloc_r
0010da2c 00000114 T _malloc_trim_r
0010db40 00000314 T _free_r
0010de54 00000034 T printf
0010de88 0000003c T strnlen
0010dec4 00000040 T malloc
0010df04 00000020 T free
0010df24 0000022c T __sflush_r
0010e150 000000c4 T _fflush_r
0010e214 00000130 t critical_factorization
0010e344 0000033c t two_way_long_needle
0010e680 00000238 T strstr
0010e8b8 000000e4 T memset
0010e99c 0000000c T __malloc_lock
0010e9a8 0000000c T __malloc_unlock
0010e9b4 00000004 W __call_exitprocs
0010e9b8 00000030 T exit
0010e9e8 00000294 T setvbuf
0010ec7c 000000d4 T strncpy
0010ed50 0000012c T memcpy
0010ee7c 000004a4 T __sfvwrite_r
0010f320 00000140 T strchr
0010f460 00000044 T __sread
0010f4a4 00000068 T __swrite
0010f50c 00000040 T __sseek
0010f54c 00000008 T __sclose
0010f554 0000016c T memmove
0010f6c0 00000144 T _fclose_r
0010f804 0000016c T _memalign_r
0010f970 000000d8 T memcmp
0010fa48 000005e0 t get_arg
00110028 00003554 T _vfprintf_r
0011357c 000000b4 t __sbprintf
00113630 000000e8 T memchr
00113718 000001c0 t quorem
001138d8 000013f0 T _dtoa_r
00114cc8 000000a0 T _wcrtomb_r
00114d68 0000003c T __libc_fini_array
00114da4 00000164 T __smakebuf_r
00114f08 00000090 T __swhatbuf_r
00114f98 000004f0 T _realloc_r
00115488 00000028 T _wcsrtombs_r
001154b0 00000140 T __swsetup_r
001155f0 00000088 T frexp
00115678 0000005c T __assert_func
001156d4 00000088 T _Balloc
0011575c 0000001c T _Bfree
00115778 000000f4 T __multadd
0011586c 00000080 T __hi0bits
001158ec 000000f0 T __lo0bits
001159dc 000000a4 T __i2b
00115a80 00000230 T __multiply
00115cb0 00000130 T __pow5mult
00115de0 00000138 T __lshift
00115f18 00000058 T __mcmp
00115f70 00000218 T __mdiff
00116188 00000120 T __d2b
001162a8 00000024 T __locale_mb_cur_max
001162cc 0000003c T fiprintf
00116308 0000015c T _wcsnrtombs_l
00116464 00000064 T _wcsnrtombs_r
001164c8 00000340 T __utf8_mbtowc
00116808 00000030 T __sprint_r
00116838 00000014 T abort
0011684c 00000024 T _localeconv_r
00116870 000000d8 T _calloc_r
00116948 000000f8 T __utf8_wctomb
00116a40 0000009c T _raise_r
00116adc 00000020 T raise
00116afc 000005e0 t get_arg
001170dc 000022f8 T _vfiprintf_r
001193d4 000000b4 t __sbprintf
00119488 00000020 T _exit
001194a8 00000140 T chdir
001195e8 000001c8 T _concatenate_path
001197b0 0000009c T _fstat_r
0011984c 00000014 T _getpid_r
00119860 0000002c T __getreent
0011988c 000000a0 T __release_handle
0011992c 000000b0 T __alloc_handle
001199dc 00000058 T __get_handle
00119a34 00000110 T _close_r
00119b44 00000008 t null_write
00119b4c 00000018 T setDefaultDevice
00119b64 000000c4 T FindDevice
00119c28 00000028 T RemoveDevice
00119c50 00000098 T AddDevice
00119ce8 00000020 T GetDeviceOpTab
00119d08 00000008 T _isatty_r
00119d10 00000014 T _kill_r
00119d24 00000094 T _lseek_r
00119db8 00000094 T _read_r
00119e4c 00000078 W _sbrk_r
00119ec4 0000001c T __libc_lock_acquire
00119ee0 0000001c T __libc_lock_release
00119efc 0000001c T __libc_lock_acquire_recursive
00119f18 0000001c T __libc_lock_release_recursive
00119f34 00000094 T _write_r
00119fc8 00000048 T strrchr
0011a010 T _fini
0011b29c r .LC2
0011b478 00000080 r dotab_stdout
0011b4f8 00000018 r grayScale
0011b510 00000006 r colorCube
0011b518 00000030 r colorTable
0011b564 00000008 r morton_y.2
0011b56c 00000008 r morton_x.3
0011b574 00000008 r s_sleepWakeEvents.4
0011b57c 0000000c r serviceNameTable.5
0011b588 00000014 r swkbdFeatures
0011b59c R default_font_bin
0011bd9c R default_font_bin_end
0011bd9c 0000004d r _net_error_code_map
0011bdec 00000030 r error_table
0011be1c 00000080 r archive_devoptab
0011be9c 00000101 R _ctype_
0011c0c4 00000010 r zeroes.0
0011c0d4 00000010 r blanks.1
0011c0ec 0000006c R __action_table
0011c158 0000006c R __state_table
0011c1c4 00000100 R __chclass
0011c2c4 0000000c r p05.0
0011c2d0 00000028 R __mprec_bigtens
0011c2f8 000000c8 R __mprec_tens
0011c4ac 00000010 r zeroes.0
0011c4bc 00000010 r blanks.1
0011c4cc 00000080 R dotab_stdnull
0011c54c R __tdata_align
0011c550 r __EH_FRAME_BEGIN__
0011c550 R __exidx_end
0011c550 R __exidx_start
0011d000 00000004 D pc_ip
0011d004 00000002 D pc_port
0011d006 00000001 d firstConsoleInit.0
0011d008 00000004 D currentConsole
0011d00c 00000048 D defaultConsole
0011d054 00000004 d aptChainloadDeliverArgSize
0011d058 00000004 d kCount
0011d05c 00000004 d kInterval
0011d060 00000004 d kDelay
0011d064 00000080 d soc_devoptab
0011d0e4 W __stacksize__
0011d0e8 0000000c D __sglue
0011d0f4 00000004 D __malloc_sbrk_base
0011d0f8 00000004 D __malloc_trim_threshold
0011d100 00000408 D __malloc_av_
0011d508 00000004 D _impure_ptr
0011d510 00000140 D _impure_data
0011d650 0000016c D __global_locale
0011d7bc 00000400 d _current_working_directory
0011dbc0 00001000 d handles
0011ebc0 0000000c d __stderr_handle
0011ebcc 0000000c d __stdout_handle
0011ebd8 0000000c d __stdin_handle
0011ebe4 0000008c D devoptab_list
0011ec70 00000004 d defaultDevice
0011ec7c d _GLOBAL_OFFSET_TABLE_
0011ec88 d __frame_dummy_init_array_entry
0011ec88 D __init_array_start
0011ec88 B __preinit_array_end
0011ec88 B __preinit_array_start
0011ec88 D __tdata_lma
0011ec88 D __tdata_lma_end
0011ec8c d __do_global_dtors_aux_fini_array_entry
0011ec8c D __fini_array_start
0011ec8c D __init_array_end
0011ec90 D __bss_start__
0011ec90 D __fini_array_end
0011ec90 00000010 B pc_addr
0011eca0 00000004 B soc_buffer
0011eca4 00000400 b swkbd.4
0011f0a4 0000003c b mybuf.3
0011f0e0 00000001 b reload.2
0011f0e4 00000044 b swkbdStatus.1
0011f128 0000a46c b swkbdLearning.0
00129594 b completed.1
00129598 b object.0
001295b0 0000001c b escapeSeq
001295cc 00000048 B currentCopy
00129614 00000004 b screenAlloc
00129618 00000004 b screenFree
0012961c 00000002 b gfxIsDoubleBuf
00129620 00000002 b gfxCurBuf
00129622 00000001 b gfxIsVram
00129623 00000001 b gfxTopMode
00129624 00000002 b gfxFramebufferFormats
00129628 00000004 b gfxBottomFramebufferMaxSize
0012962c 00000004 b gfxTopFramebufferMaxSize
00129630 00000008 b gfxBottomFramebuffers
00129638 00000008 b gfxTopFramebuffers
00129640 00000001 b flagValue.0
00129641 00000001 b flagInit.1
00129644 00000004 b serviceName.6
00129648 00000001 b aptChainloadFlags
00129649 00000001 b aptChainloadMediatype
0012964c 00000020 b aptChainloadHmac
0012966c 00000300 b aptChainloadDeliverArg
00129970 00000008 b aptChainloadTid
00129978 00001000 b aptParameters
0012a978 00000004 b aptFlags
0012a97c 00000001 b aptHomeButtonState
0012a980 00000004 b aptMessageFuncData
0012a984 00000004 b aptMessageFunc
0012a988 0000000c b aptFirstHook
0012a994 00000001 b aptEventHandlerThreadQuit
0012a998 00000004 b aptEventHandlerThread
0012a99c 00000008 b aptSleepEvent
0012a9a4 00000008 b aptReceiveEvent
0012a9ac 00000008 b aptEvents
0012a9b4 00000004 b aptLockHandle
0012a9b8 00000004 b aptRefCount
0012a9bc 00000004 b csndRefCount
0012a9c0 00000004 b csndSharedMemBlock
0012a9c4 00000004 b csndMutex
0012a9c8 00000004 b csndHandle
0012a9cc 00000010 B csndOffsets
0012a9dc 00000004 B csndChannels
0012a9e0 00000004 B csndSharedMemSize
0012a9e4 00000004 B csndSharedMem
0012a9e8 00000007 b gspEventCbOneShot
0012a9f0 0000001c b gspEventCbData
0012aa0c 0000001c b gspEventCb
0012aa28 00000038 b gspEvents
0012aa60 00000004 b gspLastEvent
0012aa64 00000001 b gspRunEvents
0012aa68 00000004 b gspEventThread
0012aa6c 00000004 b gspEvent
0012aa70 00000001 b gspGpuRight
0012aa71 00000001 b gspThreadId
0012aa74 00000004 b gspSharedMem
0012aa78 00000004 b gspSharedMemHandle
0012aa7c 00000004 b gspRefCount
0012aa80 00000004 b gspGpuHandle
0012aa84 00000001 b usingIrrst
0012aa88 00000004 b hidRefCount
0012aa8c 00000006 b gRate
0012aa94 00000006 b aVec
0012aa9c 00000004 b cPos
0012aaa0 00000004 b tPos
0012aaa4 00000004 b kRepeat
0012aaa8 00000004 b kUp
0012aaac 00000004 b kDown
0012aab0 00000004 b kHeld
0012aab4 00000004 b kOld
0012aab8 00000004 B hidSharedMem
0012aabc 00000014 B hidEvents
0012aad0 00000004 B hidMemHandle
0012aad4 00000004 B hidHandle
0012aad8 00000004 b irrstRefCount
0012aadc 00000004 b csPos
0012aae0 00000004 b kHeld
0012aae4 00000004 B irrstSharedMem
0012aae8 00000004 B irrstEvent
0012aaec 00000004 B irrstMemHandle
0012aaf0 00000004 B irrstHandle
0012aaf4 00000004 b micSharedMemHandle
0012aaf8 00000004 b micSharedMemSize
0012aafc 00000004 b micSharedMem
0012ab00 00000004 b micRefCount
0012ab04 00000004 b micHandle
0012ab08 00000004 b swkbdSharedMemHandle
0012ab0c 00000004 b swkbdSharedMem
0012ab10 00000004 B __system_retAddr
0012ab14 00000004 B __system_argv
0012ab18 00000004 B __system_argc
0012ab1c b saved_stack
0012ab28 00000008 b sLinearPool
0012ab30 0000000c b sAddrMap
0012ab40 00000008 b sVramPoolB
0012ab48 00000008 b sVramPoolA
0012ab50 0000000c b sAddrMap
0012ab5c 00000004 B __3dslink_host
0012ab60 00000001 V __ctru_speedup
0012ab64 00000004 b srvRefCount
0012ab68 00000004 b srvHandle
0012ab6c 00000004 b arbiter
0012ab70 00000004 b currentAddr
0012ab74 00000004 b maxAddr
0012ab78 00000004 b minAddr
0012ab7c 00000004 b ptmSysmRefCount
0012ab80 00000004 b ptmSysmHandle
0012ab84 00000004 b srvPmHandle
0012ab88 00000004 B socMemhandle
0012ab8c 00000004 B SOCU_handle
0012ab90 00000004 V __ctru_linear_heap_size
0012ab94 00000004 V __ctru_heap_size
0012ab98 00000004 B __ctru_linear_heap
0012ab9c 00000004 B __ctru_heap
0012aba0 000005c0 b archive_devices
0012b160 00000004 b archive_device_cwd
0012b164 00000001 b archive_initialized
0012b168 00000080 b fsExemptArchives
0012b1e8 00000004 b fsuRefCount
0012b1ec 00000004 b fsuHandle
0012b1f0 0000000c b __sfp_recursive_mutex
0012b200 00000168 B __sf
0012b368 00000004 B __stdio_exit_handler
0012b36c 00000028 B __malloc_current_mallinfo
0012b394 00000004 B __malloc_max_total_mem
0012b398 00000004 B __malloc_max_sbrked_mem
0012b39c 00000004 B __malloc_top_pad
0012b3a0 0000000c b __malloc_recursive_mutex
0012b3ac 00000400 b temp_cwd
0012b7ac 00000004 b __hndl_lock
0012b7b0 00000004 B fake_heap_start
0012b7b4 00000004 B fake_heap_end
0012b7b8 00000004 b heap_start.0
0012b7bc B __tls_start
0012c3c4 B __bss_end__
0012c3c4 A __end__
0012c3c4 B __tls_end
